Analysis & Synthesis report for Forno
Tue May 21 22:46:28 2024
Quartus Prime Version 22.1std.2 Build 922 07/20/2023 SC Lite Edition


---------------------
; Table of Contents ;
---------------------
  1. Legal Notice
  2. Analysis & Synthesis Summary
  3. Analysis & Synthesis Settings
  4. Parallel Compilation
  5. Analysis & Synthesis Source Files Read
  6. Analysis & Synthesis Resource Usage Summary
  7. Analysis & Synthesis Resource Utilization by Entity
  8. General Register Statistics
  9. Parameter Settings for Inferred Entity Instance: lpm_divide:Div0
 10. Parameter Settings for Inferred Entity Instance: lpm_divide:Mod0
 11. Post-Synthesis Netlist Statistics for Top Partition
 12. Elapsed Time Per Partition
 13. Analysis & Synthesis Messages



----------------
; Legal Notice ;
----------------
Copyright (C) 2023  Intel Corporation. All rights reserved.
Your use of Intel Corporation's design tools, logic functions 
and other software and tools, and any partner logic 
functions, and any output files from any of the foregoing 
(including device programming or simulation files), and any 
associated documentation or information are expressly subject 
to the terms and conditions of the Intel Program License 
Subscription Agreement, the Intel Quartus Prime License Agreement,
the Intel FPGA IP License Agreement, or other applicable license
agreement, including, without limitation, that your use is for
the sole purpose of programming logic devices manufactured by
Intel and sold by Intel or its authorized distributors.  Please
refer to the applicable agreement for further details, at
https://fpgasoftware.intel.com/eula.



+-------------------------------------------------------------------------------------+
; Analysis & Synthesis Summary                                                        ;
+------------------------------------+------------------------------------------------+
; Analysis & Synthesis Status        ; Successful - Tue May 21 22:46:28 2024          ;
; Quartus Prime Version              ; 22.1std.2 Build 922 07/20/2023 SC Lite Edition ;
; Revision Name                      ; Forno                                          ;
; Top-level Entity Name              ; Bin6toBCD                                      ;
; Family                             ; Cyclone IV E                                   ;
; Total logic elements               ; 0                                              ;
;     Total combinational functions  ; 0                                              ;
;     Dedicated logic registers      ; 0                                              ;
; Total registers                    ; 0                                              ;
; Total pins                         ; 15                                             ;
; Total virtual pins                 ; 0                                              ;
; Total memory bits                  ; 0                                              ;
; Embedded Multiplier 9-bit elements ; 0                                              ;
; Total PLLs                         ; 0                                              ;
+------------------------------------+------------------------------------------------+


+------------------------------------------------------------------------------------------------------------+
; Analysis & Synthesis Settings                                                                              ;
+------------------------------------------------------------------+--------------------+--------------------+
; Option                                                           ; Setting            ; Default Value      ;
+------------------------------------------------------------------+--------------------+--------------------+
; Device                                                           ; EP4CE115F29C7      ;                    ;
; Top-level entity name                                            ; Bin6toBCD          ; Forno              ;
; Family name                                                      ; Cyclone IV E       ; Cyclone V          ;
; Use smart compilation                                            ; Off                ; Off                ;
; Enable parallel Assembler and Timing Analyzer during compilation ; On                 ; On                 ;
; Enable compact report table                                      ; Off                ; Off                ;
; Restructure Multiplexers                                         ; Auto               ; Auto               ;
; Create Debugging Nodes for IP Cores                              ; Off                ; Off                ;
; Preserve fewer node names                                        ; On                 ; On                 ;
; Intel FPGA IP Evaluation Mode                                    ; Enable             ; Enable             ;
; Verilog Version                                                  ; Verilog_2001       ; Verilog_2001       ;
; VHDL Version                                                     ; VHDL_1993          ; VHDL_1993          ;
; State Machine Processing                                         ; Auto               ; Auto               ;
; Safe State Machine                                               ; Off                ; Off                ;
; Extract Verilog State Machines                                   ; On                 ; On                 ;
; Extract VHDL State Machines                                      ; On                 ; On                 ;
; Ignore Verilog initial constructs                                ; Off                ; Off                ;
; Iteration limit for constant Verilog loops                       ; 5000               ; 5000               ;
; Iteration limit for non-constant Verilog loops                   ; 250                ; 250                ;
; Add Pass-Through Logic to Inferred RAMs                          ; On                 ; On                 ;
; Infer RAMs from Raw Logic                                        ; On                 ; On                 ;
; Parallel Synthesis                                               ; On                 ; On                 ;
; DSP Block Balancing                                              ; Auto               ; Auto               ;
; NOT Gate Push-Back                                               ; On                 ; On                 ;
; Power-Up Don't Care                                              ; On                 ; On                 ;
; Remove Redundant Logic Cells                                     ; Off                ; Off                ;
; Remove Duplicate Registers                                       ; On                 ; On                 ;
; Ignore CARRY Buffers                                             ; Off                ; Off                ;
; Ignore CASCADE Buffers                                           ; Off                ; Off                ;
; Ignore GLOBAL Buffers                                            ; Off                ; Off                ;
; Ignore ROW GLOBAL Buffers                                        ; Off                ; Off                ;
; Ignore LCELL Buffers                                             ; Off                ; Off                ;
; Ignore SOFT Buffers                                              ; On                 ; On                 ;
; Limit AHDL Integers to 32 Bits                                   ; Off                ; Off                ;
; Optimization Technique                                           ; Balanced           ; Balanced           ;
; Carry Chain Length                                               ; 70                 ; 70                 ;
; Auto Carry Chains                                                ; On                 ; On                 ;
; Auto Open-Drain Pins                                             ; On                 ; On                 ;
; Perform WYSIWYG Primitive Resynthesis                            ; Off                ; Off                ;
; Auto ROM Replacement                                             ; On                 ; On                 ;
; Auto RAM Replacement                                             ; On                 ; On                 ;
; Auto DSP Block Replacement                                       ; On                 ; On                 ;
; Auto Shift Register Replacement                                  ; Auto               ; Auto               ;
; Allow Shift Register Merging across Hierarchies                  ; Auto               ; Auto               ;
; Auto Clock Enable Replacement                                    ; On                 ; On                 ;
; Strict RAM Replacement                                           ; Off                ; Off                ;
; Allow Synchronous Control Signals                                ; On                 ; On                 ;
; Force Use of Synchronous Clear Signals                           ; Off                ; Off                ;
; Auto RAM Block Balancing                                         ; On                 ; On                 ;
; Auto RAM to Logic Cell Conversion                                ; Off                ; Off                ;
; Auto Resource Sharing                                            ; Off                ; Off                ;
; Allow Any RAM Size For Recognition                               ; Off                ; Off                ;
; Allow Any ROM Size For Recognition                               ; Off                ; Off                ;
; Allow Any Shift Register Size For Recognition                    ; Off                ; Off                ;
; Use LogicLock Constraints during Resource Balancing              ; On                 ; On                 ;
; Ignore translate_off and synthesis_off directives                ; Off                ; Off                ;
; Timing-Driven Synthesis                                          ; On                 ; On                 ;
; Report Parameter Settings                                        ; On                 ; On                 ;
; Report Source Assignments                                        ; On                 ; On                 ;
; Report Connectivity Checks                                       ; On                 ; On                 ;
; Ignore Maximum Fan-Out Assignments                               ; Off                ; Off                ;
; Synchronization Register Chain Length                            ; 2                  ; 2                  ;
; Power Optimization During Synthesis                              ; Normal compilation ; Normal compilation ;
; HDL message level                                                ; Level2             ; Level2             ;
; Suppress Register Optimization Related Messages                  ; Off                ; Off                ;
; Number of Removed Registers Reported in Synthesis Report         ; 5000               ; 5000               ;
; Number of Swept Nodes Reported in Synthesis Report               ; 5000               ; 5000               ;
; Number of Inverted Registers Reported in Synthesis Report        ; 100                ; 100                ;
; Clock MUX Protection                                             ; On                 ; On                 ;
; Auto Gated Clock Conversion                                      ; Off                ; Off                ;
; Block Design Naming                                              ; Auto               ; Auto               ;
; SDC constraint protection                                        ; Off                ; Off                ;
; Synthesis Effort                                                 ; Auto               ; Auto               ;
; Shift Register Replacement - Allow Asynchronous Clear Signal     ; On                 ; On                 ;
; Pre-Mapping Resynthesis Optimization                             ; Off                ; Off                ;
; Analysis & Synthesis Message Level                               ; Medium             ; Medium             ;
; Disable Register Merging Across Hierarchies                      ; Auto               ; Auto               ;
; Resource Aware Inference For Block RAM                           ; On                 ; On                 ;
+------------------------------------------------------------------+--------------------+--------------------+


+------------------------------------------+
; Parallel Compilation                     ;
+----------------------------+-------------+
; Processors                 ; Number      ;
+----------------------------+-------------+
; Number detected on machine ; 16          ;
; Maximum allowed            ; 12          ;
;                            ;             ;
; Average used               ; 1.00        ;
; Maximum used               ; 1           ;
;                            ;             ;
; Usage by Processor         ; % Time Used ;
;     Processor 1            ; 100.0%      ;
+----------------------------+-------------+


+--------------------------------------------------------------------------------------------------------------------------------------------------------------------------------------+
; Analysis & Synthesis Source Files Read                                                                                                                                               ;
+----------------------------------+-----------------+------------------------------+----------------------------------------------------------------------------------------+---------+
; File Name with User-Entered Path ; Used in Netlist ; File Type                    ; File Name with Absolute Path                                                           ; Library ;
+----------------------------------+-----------------+------------------------------+----------------------------------------------------------------------------------------+---------+
; Bin6toBCD.vhd                    ; yes             ; User VHDL File               ; /home/tiago/Desktop/LSD/ProjetoFinal/projeto-final-lsd/Bin6toBCD.vhd                   ;         ;
; lpm_divide.tdf                   ; yes             ; Megafunction                 ; /home/tiago/intelFPGA_lite/22.1std/quartus/libraries/megafunctions/lpm_divide.tdf      ;         ;
; abs_divider.inc                  ; yes             ; Megafunction                 ; /home/tiago/intelFPGA_lite/22.1std/quartus/libraries/megafunctions/abs_divider.inc     ;         ;
; sign_div_unsign.inc              ; yes             ; Megafunction                 ; /home/tiago/intelFPGA_lite/22.1std/quartus/libraries/megafunctions/sign_div_unsign.inc ;         ;
; aglobal221.inc                   ; yes             ; Megafunction                 ; /home/tiago/intelFPGA_lite/22.1std/quartus/libraries/megafunctions/aglobal221.inc      ;         ;
; db/lpm_divide_fhm.tdf            ; yes             ; Auto-Generated Megafunction  ; /home/tiago/Desktop/LSD/ProjetoFinal/projeto-final-lsd/db/lpm_divide_fhm.tdf           ;         ;
; db/sign_div_unsign_7kh.tdf       ; yes             ; Auto-Generated Megafunction  ; /home/tiago/Desktop/LSD/ProjetoFinal/projeto-final-lsd/db/sign_div_unsign_7kh.tdf      ;         ;
; db/alt_u_div_24f.tdf             ; yes             ; Auto-Generated Megafunction  ; /home/tiago/Desktop/LSD/ProjetoFinal/projeto-final-lsd/db/alt_u_div_24f.tdf            ;         ;
; db/add_sub_7pc.tdf               ; yes             ; Auto-Generated Megafunction  ; /home/tiago/Desktop/LSD/ProjetoFinal/projeto-final-lsd/db/add_sub_7pc.tdf              ;         ;
; db/add_sub_8pc.tdf               ; yes             ; Auto-Generated Megafunction  ; /home/tiago/Desktop/LSD/ProjetoFinal/projeto-final-lsd/db/add_sub_8pc.tdf              ;         ;
; db/lpm_divide_i9m.tdf            ; yes             ; Auto-Generated Megafunction  ; /home/tiago/Desktop/LSD/ProjetoFinal/projeto-final-lsd/db/lpm_divide_i9m.tdf           ;         ;
+----------------------------------+-----------------+------------------------------+----------------------------------------------------------------------------------------+---------+


+--------------------------------------------------------+
; Analysis & Synthesis Resource Usage Summary            ;
+---------------------------------------------+----------+
; Resource                                    ; Usage    ;
+---------------------------------------------+----------+
;                                             ;          ;
; Total combinational functions               ; 0        ;
; Logic element usage by number of LUT inputs ;          ;
;     -- 4 input functions                    ; 0        ;
;     -- 3 input functions                    ; 0        ;
;     -- <=2 input functions                  ; 0        ;
;                                             ;          ;
; Logic elements by mode                      ;          ;
;     -- normal mode                          ; 0        ;
;     -- arithmetic mode                      ; 0        ;
;                                             ;          ;
; Total registers                             ; 0        ;
;     -- Dedicated logic registers            ; 0        ;
;     -- I/O registers                        ; 0        ;
;                                             ;          ;
; I/O pins                                    ; 15       ;
;                                             ;          ;
; Embedded Multiplier 9-bit elements          ; 0        ;
;                                             ;          ;
; Maximum fan-out node                        ; binIn[0] ;
; Maximum fan-out                             ; 1        ;
; Total fan-out                               ; 15       ;
; Average fan-out                             ; 0.50     ;
+---------------------------------------------+----------+


+----------------------------------------------------------------------------------------------------------------------------------------------------------------------------------------------------------+
; Analysis & Synthesis Resource Utilization by Entity                                                                                                                                                      ;
+----------------------------+---------------------+---------------------------+-------------+--------------+---------+-----------+------+--------------+---------------------+-------------+--------------+
; Compilation Hierarchy Node ; Combinational ALUTs ; Dedicated Logic Registers ; Memory Bits ; DSP Elements ; DSP 9x9 ; DSP 18x18 ; Pins ; Virtual Pins ; Full Hierarchy Name ; Entity Name ; Library Name ;
+----------------------------+---------------------+---------------------------+-------------+--------------+---------+-----------+------+--------------+---------------------+-------------+--------------+
; |Bin6toBCD                 ; 0 (0)               ; 0 (0)                     ; 0           ; 0            ; 0       ; 0         ; 15   ; 0            ; |Bin6toBCD          ; Bin6toBCD   ; work         ;
+----------------------------+---------------------+---------------------------+-------------+--------------+---------+-----------+------+--------------+---------------------+-------------+--------------+
Note: For table entries with two numbers listed, the numbers in parentheses indicate the number of resources of the given type used by the specific entity alone. The numbers listed outside of parentheses indicate the total resources of the given type used by the specific entity and all of its sub-entities in the hierarchy.


+------------------------------------------------------+
; General Register Statistics                          ;
+----------------------------------------------+-------+
; Statistic                                    ; Value ;
+----------------------------------------------+-------+
; Total registers                              ; 0     ;
; Number of registers using Synchronous Clear  ; 0     ;
; Number of registers using Synchronous Load   ; 0     ;
; Number of registers using Asynchronous Clear ; 0     ;
; Number of registers using Asynchronous Load  ; 0     ;
; Number of registers using Clock Enable       ; 0     ;
; Number of registers using Preset             ; 0     ;
+----------------------------------------------+-------+


+------------------------------------------------------------------+
; Parameter Settings for Inferred Entity Instance: lpm_divide:Div0 ;
+------------------------+----------------+------------------------+
; Parameter Name         ; Value          ; Type                   ;
+------------------------+----------------+------------------------+
; LPM_WIDTHN             ; 4              ; Untyped                ;
; LPM_WIDTHD             ; 4              ; Untyped                ;
; LPM_NREPRESENTATION    ; UNSIGNED       ; Untyped                ;
; LPM_DREPRESENTATION    ; UNSIGNED       ; Untyped                ;
; LPM_PIPELINE           ; 0              ; Untyped                ;
; LPM_REMAINDERPOSITIVE  ; TRUE           ; Untyped                ;
; MAXIMIZE_SPEED         ; 5              ; Untyped                ;
; CBXI_PARAMETER         ; lpm_divide_fhm ; Untyped                ;
; CARRY_CHAIN            ; MANUAL         ; Untyped                ;
; OPTIMIZE_FOR_SPEED     ; 5              ; Untyped                ;
; AUTO_CARRY_CHAINS      ; ON             ; AUTO_CARRY             ;
; IGNORE_CARRY_BUFFERS   ; OFF            ; IGNORE_CARRY           ;
; AUTO_CASCADE_CHAINS    ; ON             ; AUTO_CASCADE           ;
; IGNORE_CASCADE_BUFFERS ; OFF            ; IGNORE_CASCADE         ;
+------------------------+----------------+------------------------+
Note: In order to hide this table in the UI and the text report file, please set the "Show Parameter Settings in Synthesis Report" option in "Analysis and Synthesis Settings -> More Settings" to "Off".


+------------------------------------------------------------------+
; Parameter Settings for Inferred Entity Instance: lpm_divide:Mod0 ;
+------------------------+----------------+------------------------+
; Parameter Name         ; Value          ; Type                   ;
+------------------------+----------------+------------------------+
; LPM_WIDTHN             ; 4              ; Untyped                ;
; LPM_WIDTHD             ; 4              ; Untyped                ;
; LPM_NREPRESENTATION    ; UNSIGNED       ; Untyped                ;
; LPM_DREPRESENTATION    ; UNSIGNED       ; Untyped                ;
; LPM_PIPELINE           ; 0              ; Untyped                ;
; LPM_REMAINDERPOSITIVE  ; TRUE           ; Untyped                ;
; MAXIMIZE_SPEED         ; 5              ; Untyped                ;
; CBXI_PARAMETER         ; lpm_divide_i9m ; Untyped                ;
; CARRY_CHAIN            ; MANUAL         ; Untyped                ;
; OPTIMIZE_FOR_SPEED     ; 5              ; Untyped                ;
; AUTO_CARRY_CHAINS      ; ON             ; AUTO_CARRY             ;
; IGNORE_CARRY_BUFFERS   ; OFF            ; IGNORE_CARRY           ;
; AUTO_CASCADE_CHAINS    ; ON             ; AUTO_CASCADE           ;
; IGNORE_CASCADE_BUFFERS ; OFF            ; IGNORE_CASCADE         ;
+------------------------+----------------+------------------------+
Note: In order to hide this table in the UI and the text report file, please set the "Show Parameter Settings in Synthesis Report" option in "Analysis and Synthesis Settings -> More Settings" to "Off".


+-----------------------------------------------------+
; Post-Synthesis Netlist Statistics for Top Partition ;
+-----------------------+-----------------------------+
; Type                  ; Count                       ;
+-----------------------+-----------------------------+
; boundary_port         ; 15                          ;
; cycloneiii_lcell_comb ; 1                           ;
;     normal            ; 1                           ;
;         0 data inputs ; 1                           ;
;                       ;                             ;
; Max LUT depth         ; 0.00                        ;
; Average LUT depth     ; 0.00                        ;
+-----------------------+-----------------------------+


+-------------------------------+
; Elapsed Time Per Partition    ;
+----------------+--------------+
; Partition Name ; Elapsed Time ;
+----------------+--------------+
; Top            ; 00:00:00     ;
+----------------+--------------+


+-------------------------------+
; Analysis & Synthesis Messages ;
+-------------------------------+
Info: *******************************************************************
Info: Running Quartus Prime Analysis & Synthesis
    Info: Version 22.1std.2 Build 922 07/20/2023 SC Lite Edition
    Info: Processing started: Tue May 21 22:46:17 2024
Info: Command: quartus_map --read_settings_files=on --write_settings_files=off Forno -c Forno
Warning (18236): Number of processors has not been specified which may cause overloading on shared machines.  Set the global assignment NUM_PARALLEL_PROCESSORS in your QSF to an appropriate value for best performance.
Info (20030): Parallel compilation is enabled and will use 12 of the 12 processors detected
Info (12021): Found 2 design units, including 1 entities, in source file Bin6toBCD.vhd
    Info (12022): Found design unit 1: Bin6toBCD-Behavioral File: /home/tiago/Desktop/LSD/ProjetoFinal/projeto-final-lsd/Bin6toBCD.vhd Line: 19
    Info (12023): Found entity 1: Bin6toBCD File: /home/tiago/Desktop/LSD/ProjetoFinal/projeto-final-lsd/Bin6toBCD.vhd Line: 7
Info (12021): Found 2 design units, including 1 entities, in source file Bin16ToBCD.vhd
    Info (12022): Found design unit 1: Bin16ToBCD-Behavioral File: /home/tiago/Desktop/LSD/ProjetoFinal/projeto-final-lsd/Bin16ToBCD.vhd Line: 17
    Info (12023): Found entity 1: Bin16ToBCD File: /home/tiago/Desktop/LSD/ProjetoFinal/projeto-final-lsd/Bin16ToBCD.vhd Line: 6
Info (12021): Found 2 design units, including 1 entities, in source file Forno.vhd
    Info (12022): Found design unit 1: Forno-main File: /home/tiago/Desktop/LSD/ProjetoFinal/projeto-final-lsd/Forno.vhd Line: 16
    Info (12023): Found entity 1: Forno File: /home/tiago/Desktop/LSD/ProjetoFinal/projeto-final-lsd/Forno.vhd Line: 5
Info (12021): Found 2 design units, including 1 entities, in source file DisplayTime.vhd
    Info (12022): Found design unit 1: DisplayTime-Shell File: /home/tiago/Desktop/LSD/ProjetoFinal/projeto-final-lsd/DisplayTime.vhd Line: 22
    Info (12023): Found entity 1: DisplayTime File: /home/tiago/Desktop/LSD/ProjetoFinal/projeto-final-lsd/DisplayTime.vhd Line: 6
Info (12021): Found 2 design units, including 1 entities, in source file TimerN.vhd
    Info (12022): Found design unit 1: TimerN-Sequential File: /home/tiago/Desktop/LSD/ProjetoFinal/projeto-final-lsd/TimerN.vhd Line: 15
    Info (12023): Found entity 1: TimerN File: /home/tiago/Desktop/LSD/ProjetoFinal/projeto-final-lsd/TimerN.vhd Line: 5
Info (12021): Found 2 design units, including 1 entities, in source file Bin7SegDecoder.vhd
    Info (12022): Found design unit 1: Bin7SegDecoder-Behavioral File: /home/tiago/Desktop/LSD/ProjetoFinal/projeto-final-lsd/Bin7SegDecoder.vhd Line: 9
    Info (12023): Found entity 1: Bin7SegDecoder File: /home/tiago/Desktop/LSD/ProjetoFinal/projeto-final-lsd/Bin7SegDecoder.vhd Line: 4
Info (12021): Found 2 design units, including 1 entities, in source file RegisterTime.vhd
    Info (12022): Found design unit 1: RegisterTime-Synchronous File: /home/tiago/Desktop/LSD/ProjetoFinal/projeto-final-lsd/RegisterTime.vhd Line: 20
    Info (12023): Found entity 1: RegisterTime File: /home/tiago/Desktop/LSD/ProjetoFinal/projeto-final-lsd/RegisterTime.vhd Line: 5
Info (12021): Found 2 design units, including 1 entities, in source file RegisterTemperature.vhd
    Info (12022): Found design unit 1: RegisterTemperature-Synchronous File: /home/tiago/Desktop/LSD/ProjetoFinal/projeto-final-lsd/RegisterTemperature.vhd Line: 16
    Info (12023): Found entity 1: RegisterTemperature File: /home/tiago/Desktop/LSD/ProjetoFinal/projeto-final-lsd/RegisterTemperature.vhd Line: 5
Info (12021): Found 2 design units, including 1 entities, in source file FornoFSM.vhd
    Info (12022): Found design unit 1: FornoFSM-Behavioral File: /home/tiago/Desktop/LSD/ProjetoFinal/projeto-final-lsd/FornoFSM.vhd Line: 13
    Info (12023): Found entity 1: FornoFSM File: /home/tiago/Desktop/LSD/ProjetoFinal/projeto-final-lsd/FornoFSM.vhd Line: 4
Info (12127): Elaborating entity "Bin6toBCD" for the top level hierarchy
Warning (10541): VHDL Signal Declaration warning at Bin6toBCD.vhd(21): used implicit default value for signal "b_in" because signal was never assigned a value or an explicit default value. Use of implicit default value may introduce unintended design optimizations. File: /home/tiago/Desktop/LSD/ProjetoFinal/projeto-final-lsd/Bin6toBCD.vhd Line: 21
Warning (10492): VHDL Process Statement warning at Bin6toBCD.vhd(30): signal "b_in" is read inside the Process Statement but isn't in the Process Statement's sensitivity list File: /home/tiago/Desktop/LSD/ProjetoFinal/projeto-final-lsd/Bin6toBCD.vhd Line: 30
Warning (10492): VHDL Process Statement warning at Bin6toBCD.vhd(30): signal "b_dez" is read inside the Process Statement but isn't in the Process Statement's sensitivity list File: /home/tiago/Desktop/LSD/ProjetoFinal/projeto-final-lsd/Bin6toBCD.vhd Line: 30
Warning (10492): VHDL Process Statement warning at Bin6toBCD.vhd(31): signal "b_in" is read inside the Process Statement but isn't in the Process Statement's sensitivity list File: /home/tiago/Desktop/LSD/ProjetoFinal/projeto-final-lsd/Bin6toBCD.vhd Line: 31
Warning (10492): VHDL Process Statement warning at Bin6toBCD.vhd(31): signal "b_dez" is read inside the Process Statement but isn't in the Process Statement's sensitivity list File: /home/tiago/Desktop/LSD/ProjetoFinal/projeto-final-lsd/Bin6toBCD.vhd Line: 31
Warning (10492): VHDL Process Statement warning at Bin6toBCD.vhd(36): signal "b_int" is read inside the Process Statement but isn't in the Process Statement's sensitivity list File: /home/tiago/Desktop/LSD/ProjetoFinal/projeto-final-lsd/Bin6toBCD.vhd Line: 36
Warning (10492): VHDL Process Statement warning at Bin6toBCD.vhd(37): signal "b_rem" is read inside the Process Statement but isn't in the Process Statement's sensitivity list File: /home/tiago/Desktop/LSD/ProjetoFinal/projeto-final-lsd/Bin6toBCD.vhd Line: 37
Warning (10631): VHDL Process Statement warning at Bin6toBCD.vhd(25): inferring latch(es) for signal or variable "b_dez", which holds its previous value in one or more paths through the process File: /home/tiago/Desktop/LSD/ProjetoFinal/projeto-final-lsd/Bin6toBCD.vhd Line: 25
Warning (10631): VHDL Process Statement warning at Bin6toBCD.vhd(25): inferring latch(es) for signal or variable "b_int", which holds its previous value in one or more paths through the process File: /home/tiago/Desktop/LSD/ProjetoFinal/projeto-final-lsd/Bin6toBCD.vhd Line: 25
Warning (10631): VHDL Process Statement warning at Bin6toBCD.vhd(25): inferring latch(es) for signal or variable "b_rem", which holds its previous value in one or more paths through the process File: /home/tiago/Desktop/LSD/ProjetoFinal/projeto-final-lsd/Bin6toBCD.vhd Line: 25
Info (10041): Inferred latch for "b_rem[0]" at Bin6toBCD.vhd(25) File: /home/tiago/Desktop/LSD/ProjetoFinal/projeto-final-lsd/Bin6toBCD.vhd Line: 25
Info (10041): Inferred latch for "b_rem[1]" at Bin6toBCD.vhd(25) File: /home/tiago/Desktop/LSD/ProjetoFinal/projeto-final-lsd/Bin6toBCD.vhd Line: 25
Info (10041): Inferred latch for "b_rem[2]" at Bin6toBCD.vhd(25) File: /home/tiago/Desktop/LSD/ProjetoFinal/projeto-final-lsd/Bin6toBCD.vhd Line: 25
Info (10041): Inferred latch for "b_rem[3]" at Bin6toBCD.vhd(25) File: /home/tiago/Desktop/LSD/ProjetoFinal/projeto-final-lsd/Bin6toBCD.vhd Line: 25
Info (10041): Inferred latch for "b_int[0]" at Bin6toBCD.vhd(25) File: /home/tiago/Desktop/LSD/ProjetoFinal/projeto-final-lsd/Bin6toBCD.vhd Line: 25
Info (10041): Inferred latch for "b_int[1]" at Bin6toBCD.vhd(25) File: /home/tiago/Desktop/LSD/ProjetoFinal/projeto-final-lsd/Bin6toBCD.vhd Line: 25
Info (10041): Inferred latch for "b_int[2]" at Bin6toBCD.vhd(25) File: /home/tiago/Desktop/LSD/ProjetoFinal/projeto-final-lsd/Bin6toBCD.vhd Line: 25
Info (10041): Inferred latch for "b_int[3]" at Bin6toBCD.vhd(25) File: /home/tiago/Desktop/LSD/ProjetoFinal/projeto-final-lsd/Bin6toBCD.vhd Line: 25
Info (10041): Inferred latch for "b_dez[0]" at Bin6toBCD.vhd(25) File: /home/tiago/Desktop/LSD/ProjetoFinal/projeto-final-lsd/Bin6toBCD.vhd Line: 25
Info (10041): Inferred latch for "b_dez[1]" at Bin6toBCD.vhd(25) File: /home/tiago/Desktop/LSD/ProjetoFinal/projeto-final-lsd/Bin6toBCD.vhd Line: 25
Info (10041): Inferred latch for "b_dez[2]" at Bin6toBCD.vhd(25) File: /home/tiago/Desktop/LSD/ProjetoFinal/projeto-final-lsd/Bin6toBCD.vhd Line: 25
Info (10041): Inferred latch for "b_dez[3]" at Bin6toBCD.vhd(25) File: /home/tiago/Desktop/LSD/ProjetoFinal/projeto-final-lsd/Bin6toBCD.vhd Line: 25
Info (278001): Inferred 2 megafunctions from design logic
    Info (278004): Inferred divider/modulo megafunction ("lpm_divide") from the following logic: "Div0" File: /home/tiago/Desktop/LSD/ProjetoFinal/projeto-final-lsd/Bin6toBCD.vhd Line: 30
    Info (278004): Inferred divider/modulo megafunction ("lpm_divide") from the following logic: "Mod0" File: /home/tiago/Desktop/LSD/ProjetoFinal/projeto-final-lsd/Bin6toBCD.vhd Line: 31
Info (12130): Elaborated megafunction instantiation "lpm_divide:Div0" File: /home/tiago/Desktop/LSD/ProjetoFinal/projeto-final-lsd/Bin6toBCD.vhd Line: 30
Info (12133): Instantiated megafunction "lpm_divide:Div0" with the following parameter: File: /home/tiago/Desktop/LSD/ProjetoFinal/projeto-final-lsd/Bin6toBCD.vhd Line: 30
    Info (12134): Parameter "LPM_WIDTHN" = "4"
    Info (12134): Parameter "LPM_WIDTHD" = "4"
    Info (12134): Parameter "LPM_NREPRESENTATION" = "UNSIGNED"
    Info (12134): Parameter "LPM_DREPRESENTATION" = "UNSIGNED"
Info (12021): Found 1 design units, including 1 entities, in source file db/lpm_divide_fhm.tdf
    Info (12023): Found entity 1: lpm_divide_fhm File: /home/tiago/Desktop/LSD/ProjetoFinal/projeto-final-lsd/db/lpm_divide_fhm.tdf Line: 25
Info (12021): Found 1 design units, including 1 entities, in source file db/sign_div_unsign_7kh.tdf
    Info (12023): Found entity 1: sign_div_unsign_7kh File: /home/tiago/Desktop/LSD/ProjetoFinal/projeto-final-lsd/db/sign_div_unsign_7kh.tdf Line: 25
Info (12021): Found 1 design units, including 1 entities, in source file db/alt_u_div_24f.tdf
    Info (12023): Found entity 1: alt_u_div_24f File: /home/tiago/Desktop/LSD/ProjetoFinal/projeto-final-lsd/db/alt_u_div_24f.tdf Line: 27
Info (12021): Found 1 design units, including 1 entities, in source file db/add_sub_7pc.tdf
    Info (12023): Found entity 1: add_sub_7pc File: /home/tiago/Desktop/LSD/ProjetoFinal/projeto-final-lsd/db/add_sub_7pc.tdf Line: 23
Info (12021): Found 1 design units, including 1 entities, in source file db/add_sub_8pc.tdf
    Info (12023): Found entity 1: add_sub_8pc File: /home/tiago/Desktop/LSD/ProjetoFinal/projeto-final-lsd/db/add_sub_8pc.tdf Line: 23
Info (12130): Elaborated megafunction instantiation "lpm_divide:Mod0" File: /home/tiago/Desktop/LSD/ProjetoFinal/projeto-final-lsd/Bin6toBCD.vhd Line: 31
Info (12133): Instantiated megafunction "lpm_divide:Mod0" with the following parameter: File: /home/tiago/Desktop/LSD/ProjetoFinal/projeto-final-lsd/Bin6toBCD.vhd Line: 31
    Info (12134): Parameter "LPM_WIDTHN" = "4"
    Info (12134): Parameter "LPM_WIDTHD" = "4"
    Info (12134): Parameter "LPM_NREPRESENTATION" = "UNSIGNED"
    Info (12134): Parameter "LPM_DREPRESENTATION" = "UNSIGNED"
Info (12021): Found 1 design units, including 1 entities, in source file db/lpm_divide_i9m.tdf
    Info (12023): Found entity 1: lpm_divide_i9m File: /home/tiago/Desktop/LSD/ProjetoFinal/projeto-final-lsd/db/lpm_divide_i9m.tdf Line: 25
Warning (13024): Output pins are stuck at VCC or GND
    Warning (13410): Pin "bcd1[0]" is stuck at GND File: /home/tiago/Desktop/LSD/ProjetoFinal/projeto-final-lsd/Bin6toBCD.vhd Line: 11
    Warning (13410): Pin "bcd1[1]" is stuck at GND File: /home/tiago/Desktop/LSD/ProjetoFinal/projeto-final-lsd/Bin6toBCD.vhd Line: 11
    Warning (13410): Pin "bcd1[2]" is stuck at GND File: /home/tiago/Desktop/LSD/ProjetoFinal/projeto-final-lsd/Bin6toBCD.vhd Line: 11
    Warning (13410): Pin "bcd1[3]" is stuck at GND File: /home/tiago/Desktop/LSD/ProjetoFinal/projeto-final-lsd/Bin6toBCD.vhd Line: 11
    Warning (13410): Pin "bcd0[0]" is stuck at GND File: /home/tiago/Desktop/LSD/ProjetoFinal/projeto-final-lsd/Bin6toBCD.vhd Line: 12
    Warning (13410): Pin "bcd0[1]" is stuck at GND File: /home/tiago/Desktop/LSD/ProjetoFinal/projeto-final-lsd/Bin6toBCD.vhd Line: 12
    Warning (13410): Pin "bcd0[2]" is stuck at GND File: /home/tiago/Desktop/LSD/ProjetoFinal/projeto-final-lsd/Bin6toBCD.vhd Line: 12
    Warning (13410): Pin "bcd0[3]" is stuck at GND File: /home/tiago/Desktop/LSD/ProjetoFinal/projeto-final-lsd/Bin6toBCD.vhd Line: 12
Info (16010): Generating hard_block partition "hard_block:auto_generated_inst"
    Info (16011): Adding 0 node(s), including 0 DDIO, 0 PLL, 0 transceiver and 0 LCELL
Warning (21074): Design contains 7 input pin(s) that do not drive logic
    Warning (15610): No output dependent on input pin "binIn[0]" File: /home/tiago/Desktop/LSD/ProjetoFinal/projeto-final-lsd/Bin6toBCD.vhd Line: 10
    Warning (15610): No output dependent on input pin "binIn[1]" File: /home/tiago/Desktop/LSD/ProjetoFinal/projeto-final-lsd/Bin6toBCD.vhd Line: 10
    Warning (15610): No output dependent on input pin "binIn[2]" File: /home/tiago/Desktop/LSD/ProjetoFinal/projeto-final-lsd/Bin6toBCD.vhd Line: 10
    Warning (15610): No output dependent on input pin "binIn[3]" File: /home/tiago/Desktop/LSD/ProjetoFinal/projeto-final-lsd/Bin6toBCD.vhd Line: 10
    Warning (15610): No output dependent on input pin "binIn[4]" File: /home/tiago/Desktop/LSD/ProjetoFinal/projeto-final-lsd/Bin6toBCD.vhd Line: 10
    Warning (15610): No output dependent on input pin "binIn[5]" File: /home/tiago/Desktop/LSD/ProjetoFinal/projeto-final-lsd/Bin6toBCD.vhd Line: 10
    Warning (15610): No output dependent on input pin "enable" File: /home/tiago/Desktop/LSD/ProjetoFinal/projeto-final-lsd/Bin6toBCD.vhd Line: 9
Info (21057): Implemented 15 device resources after synthesis - the final resource count might be different
    Info (21058): Implemented 7 input pins
    Info (21059): Implemented 8 output pins
Info: Quartus Prime Analysis & Synthesis was successful. 0 errors, 28 warnings
    Info: Peak virtual memory: 426 megabytes
    Info: Processing ended: Tue May 21 22:46:28 2024
    Info: Elapsed time: 00:00:11
    Info: Total CPU time (on all processors): 00:00:39


