Flow report for Forno
Tue May 28 20:11:31 2024
Quartus Prime Version 22.1std.2 Build 922 07/20/2023 SC Lite Edition


---------------------
; Table of Contents ;
---------------------
  1. Legal Notice
  2. Flow Summary
  3. Flow Settings
  4. Flow Non-Default Global Settings
  5. Flow Elapsed Time
  6. Flow OS Summary
  7. Flow Log
  8. Flow Messages
  9. Flow Suppressed Messages



----------------
; Legal Notice ;
----------------
Copyright (C) 2023  Intel Corporation. All rights reserved.
Your use of Intel Corporation's design tools, logic functions 
and other software and tools, and any partner logic 
functions, and any output files from any of the foregoing 
(including device programming or simulation files), and any 
associated documentation or information are expressly subject 
to the terms and conditions of the Intel Program License 
Subscription Agreement, the Intel Quartus Prime License Agreement,
the Intel FPGA IP License Agreement, or other applicable license
agreement, including, without limitation, that your use is for
the sole purpose of programming logic devices manufactured by
Intel and sold by Intel or its authorized distributors.  Please
refer to the applicable agreement for further details, at
https://fpgasoftware.intel.com/eula.



+-------------------------------------------------------------------------------------+
; Flow Summary                                                                        ;
+------------------------------------+------------------------------------------------+
; Flow Status                        ; Successful - Tue May 28 20:11:31 2024          ;
; Quartus Prime Version              ; 22.1std.2 Build 922 07/20/2023 SC Lite Edition ;
; Revision Name                      ; Forno                                          ;
; Top-level Entity Name              ; OvenTopLevel                                   ;
; Family                             ; Cyclone IV E                                   ;
; Device                             ; EP4CE115F29C7                                  ;
; Timing Models                      ; Final                                          ;
; Total logic elements               ; 7,071 / 114,480 ( 6 % )                        ;
;     Total combinational functions  ; 7,067 / 114,480 ( 6 % )                        ;
;     Dedicated logic registers      ; 216 / 114,480 ( < 1 % )                        ;
; Total registers                    ; 216                                            ;
; Total pins                         ; 89 / 529 ( 17 % )                              ;
; Total virtual pins                 ; 0                                              ;
; Total memory bits                  ; 0 / 3,981,312 ( 0 % )                          ;
; Embedded Multiplier 9-bit elements ; 0 / 532 ( 0 % )                                ;
; Total PLLs                         ; 0 / 4 ( 0 % )                                  ;
+------------------------------------+------------------------------------------------+


+-----------------------------------------+
; Flow Settings                           ;
+-------------------+---------------------+
; Option            ; Setting             ;
+-------------------+---------------------+
; Start date & time ; 05/28/2024 20:10:08 ;
; Main task         ; Compilation         ;
; Revision Name     ; Forno               ;
+-------------------+---------------------+


+-------------------------------------------------------------------------------------------------------------------------------------------------+
; Flow Non-Default Global Settings                                                                                                                ;
+-------------------------------------+----------------------------------------+---------------+--------------+-----------------------------------+
; Assignment Name                     ; Value                                  ; Default Value ; Entity Name  ; Section Id                        ;
+-------------------------------------+----------------------------------------+---------------+--------------+-----------------------------------+
; COMPILER_SIGNATURE_ID               ; 48858631904451.171692340817909         ; --            ; --           ; --                                ;
; EDA_GENERATE_FUNCTIONAL_NETLIST     ; Off                                    ; --            ; --           ; eda_board_design_timing           ;
; EDA_GENERATE_FUNCTIONAL_NETLIST     ; Off                                    ; --            ; --           ; eda_board_design_boundary_scan    ;
; EDA_GENERATE_FUNCTIONAL_NETLIST     ; Off                                    ; --            ; --           ; eda_board_design_signal_integrity ;
; EDA_GENERATE_FUNCTIONAL_NETLIST     ; Off                                    ; --            ; --           ; eda_board_design_symbol           ;
; EDA_OUTPUT_DATA_FORMAT              ; Verilog Hdl                            ; --            ; --           ; eda_simulation                    ;
; EDA_SIMULATION_TOOL                 ; Questa Intel FPGA (Verilog)            ; <None>        ; --           ; --                                ;
; EDA_TIME_SCALE                      ; 1 ps                                   ; --            ; --           ; eda_simulation                    ;
; MAX_CORE_JUNCTION_TEMP              ; 85                                     ; --            ; --           ; --                                ;
; MIN_CORE_JUNCTION_TEMP              ; 0                                      ; --            ; --           ; --                                ;
; NOMINAL_CORE_SUPPLY_VOLTAGE         ; 1.2V                                   ; --            ; --           ; --                                ;
; PARTITION_COLOR                     ; -- (Not supported for targeted family) ; --            ; OvenTopLevel ; Top                               ;
; PARTITION_FITTER_PRESERVATION_LEVEL ; -- (Not supported for targeted family) ; --            ; OvenTopLevel ; Top                               ;
; PARTITION_NETLIST_TYPE              ; -- (Not supported for targeted family) ; --            ; OvenTopLevel ; Top                               ;
; POWER_BOARD_THERMAL_MODEL           ; None (CONSERVATIVE)                    ; --            ; --           ; --                                ;
; POWER_PRESET_COOLING_SOLUTION       ; 23 MM HEAT SINK WITH 200 LFPM AIRFLOW  ; --            ; --           ; --                                ;
; PROJECT_OUTPUT_DIRECTORY            ; output_files                           ; --            ; --           ; --                                ;
; TOP_LEVEL_ENTITY                    ; OvenTopLevel                           ; Forno         ; --           ; --                                ;
+-------------------------------------+----------------------------------------+---------------+--------------+-----------------------------------+


+--------------------------------------------------------------------------------------------------------------------------+
; Flow Elapsed Time                                                                                                        ;
+----------------------+--------------+-------------------------+---------------------+------------------------------------+
; Module Name          ; Elapsed Time ; Average Processors Used ; Peak Virtual Memory ; Total CPU Time (on all processors) ;
+----------------------+--------------+-------------------------+---------------------+------------------------------------+
; Analysis & Synthesis ; 00:00:22     ; 1.0                     ; 513 MB              ; 00:00:33                           ;
; Fitter               ; 00:00:46     ; 1.0                     ; 933 MB              ; 00:01:07                           ;
; Assembler            ; 00:00:03     ; 1.0                     ; 394 MB              ; 00:00:03                           ;
; Timing Analyzer      ; 00:00:06     ; 1.1                     ; 589 MB              ; 00:00:06                           ;
; EDA Netlist Writer   ; 00:00:01     ; 1.0                     ; 648 MB              ; 00:00:01                           ;
; Total                ; 00:01:18     ; --                      ; --                  ; 00:01:50                           ;
+----------------------+--------------+-------------------------+---------------------+------------------------------------+


+--------------------------------------------------------------------------------------+
; Flow OS Summary                                                                      ;
+----------------------+------------------+--------------+------------+----------------+
; Module Name          ; Machine Hostname ; OS Name      ; OS Version ; Processor type ;
+----------------------+------------------+--------------+------------+----------------+
; Analysis & Synthesis ; rhyan-ubuntu     ; Ubuntu 24.04 ; 24         ; x86_64         ;
; Fitter               ; rhyan-ubuntu     ; Ubuntu 24.04 ; 24         ; x86_64         ;
; Assembler            ; rhyan-ubuntu     ; Ubuntu 24.04 ; 24         ; x86_64         ;
; Timing Analyzer      ; rhyan-ubuntu     ; Ubuntu 24.04 ; 24         ; x86_64         ;
; EDA Netlist Writer   ; rhyan-ubuntu     ; Ubuntu 24.04 ; 24         ; x86_64         ;
+----------------------+------------------+--------------+------------+----------------+


------------
; Flow Log ;
------------
quartus_map --read_settings_files=on --write_settings_files=off Forno -c Forno
quartus_fit --read_settings_files=off --write_settings_files=off Forno -c Forno
quartus_asm --read_settings_files=off --write_settings_files=off Forno -c Forno
quartus_sta Forno -c Forno
quartus_eda --read_settings_files=off --write_settings_files=off Forno -c Forno



